2022-12-26 00:02:17.400  INFO 2304 --- [File Watcher] rtingClassPathChangeChangedEventListener : Restarting due to 1 class path change (0 additions, 0 deletions, 1 modification)
2022-12-26 00:02:19.111  INFO 2304 --- [Thread-15] o.apache.catalina.core.StandardService   : Stopping service [Tomcat]
2022-12-26 00:02:19.599  INFO 2304 --- [Thread-15] j.LocalContainerEntityManagerFactoryBean : Closing JPA EntityManagerFactory for persistence unit 'default'
2022-12-26 00:02:19.726  INFO 2304 --- [Thread-15] com.zaxxer.hikari.HikariDataSource       : HikariPool-4 - Shutdown initiated...
2022-12-26 00:02:19.876  INFO 2304 --- [Thread-15] com.zaxxer.hikari.HikariDataSource       : HikariPool-4 - Shutdown completed.
2022-12-26 00:02:21.191  INFO 2304 --- [restartedMain] c.j.restaurant.RestaurantApplication     : Starting RestaurantApplication using Java 11.0.15 on HP with PID 2304 (D:\online_restaurant_management\01_Coding\02_Backend\restaurant\target\classes started by HL in D:\online_restaurant_management\01_Coding\02_Backend\restaurant)
2022-12-26 00:02:21.194  INFO 2304 --- [restartedMain] c.j.restaurant.RestaurantApplication     : No active profile set, falling back to 1 default profile: "default"
2022-12-26 00:02:22.917  INFO 2304 --- [restartedMain] .s.d.r.c.RepositoryConfigurationDelegate : Multiple Spring Data modules found, entering strict repository configuration mode
2022-12-26 00:02:22.919  INFO 2304 --- [restartedMain] .s.d.r.c.RepositoryConfigurationDelegate : Bootstrapping Spring Data JDBC repositories in DEFAULT mode.
2022-12-26 00:02:23.058  INFO 2304 --- [restartedMain] .RepositoryConfigurationExtensionSupport : Spring Data JDBC - Could not safely identify store assignment for repository candidate interface com.javaclass.restaurant.repository.CategoryRepo; If you want this repository to be a JDBC repository, consider annotating your entities with one of these annotations: org.springframework.data.relational.core.mapping.Table.
2022-12-26 00:02:23.061  INFO 2304 --- [restartedMain] .RepositoryConfigurationExtensionSupport : Spring Data JDBC - Could not safely identify store assignment for repository candidate interface com.javaclass.restaurant.repository.FoodRepo; If you want this repository to be a JDBC repository, consider annotating your entities with one of these annotations: org.springframework.data.relational.core.mapping.Table.
2022-12-26 00:02:23.187  INFO 2304 --- [restartedMain] .RepositoryConfigurationExtensionSupport : Spring Data JDBC - Could not safely identify store assignment for repository candidate interface com.javaclass.restaurant.repository.OrderRepo; If you want this repository to be a JDBC repository, consider annotating your entities with one of these annotations: org.springframework.data.relational.core.mapping.Table.
2022-12-26 00:02:23.190  INFO 2304 --- [restartedMain] .RepositoryConfigurationExtensionSupport : Spring Data JDBC - Could not safely identify store assignment for repository candidate interface com.javaclass.restaurant.repository.StaffRepo; If you want this repository to be a JDBC repository, consider annotating your entities with one of these annotations: org.springframework.data.relational.core.mapping.Table.
2022-12-26 00:02:23.190  INFO 2304 --- [restartedMain] .s.d.r.c.RepositoryConfigurationDelegate : Finished Spring Data repository scanning in 270 ms. Found 0 JDBC repository interfaces.
2022-12-26 00:02:23.206  INFO 2304 --- [restartedMain] .s.d.r.c.RepositoryConfigurationDelegate : Multiple Spring Data modules found, entering strict repository configuration mode
2022-12-26 00:02:23.206  INFO 2304 --- [restartedMain] .s.d.r.c.RepositoryConfigurationDelegate : Bootstrapping Spring Data JPA repositories in DEFAULT mode.
2022-12-26 00:02:23.409  INFO 2304 --- [restartedMain] .s.d.r.c.RepositoryConfigurationDelegate : Finished Spring Data repository scanning in 202 ms. Found 4 JPA repository interfaces.
2022-12-26 00:02:24.416  INFO 2304 --- [restartedMain] o.s.b.w.embedded.tomcat.TomcatWebServer  : Tomcat initialized with port(s): 8085 (http)
2022-12-26 00:02:24.419  INFO 2304 --- [restartedMain] o.apache.catalina.core.StandardService   : Starting service [Tomcat]
2022-12-26 00:02:24.419  INFO 2304 --- [restartedMain] org.apache.catalina.core.StandardEngine  : Starting Servlet engine: [Apache Tomcat/9.0.69]
2022-12-26 00:02:25.360  INFO 2304 --- [restartedMain] o.a.c.c.C.[Tomcat].[localhost].[/]       : Initializing Spring embedded WebApplicationContext
2022-12-26 00:02:25.361  INFO 2304 --- [restartedMain] w.s.c.ServletWebServerApplicationContext : Root WebApplicationContext: initialization completed in 4116 ms
2022-12-26 00:02:25.941  INFO 2304 --- [restartedMain] o.hibernate.jpa.internal.util.LogHelper  : HHH000204: Processing PersistenceUnitInfo [name: default]
2022-12-26 00:02:25.980  INFO 2304 --- [restartedMain] com.zaxxer.hikari.HikariDataSource       : HikariPool-5 - Starting...
2022-12-26 00:02:26.131  INFO 2304 --- [restartedMain] com.zaxxer.hikari.HikariDataSource       : HikariPool-5 - Start completed.
2022-12-26 00:02:26.133  INFO 2304 --- [restartedMain] org.hibernate.dialect.Dialect            : HHH000400: Using dialect: org.hibernate.dialect.MySQL5InnoDBDialect
2022-12-26 00:02:27.445  INFO 2304 --- [restartedMain] o.h.e.t.j.p.i.JtaPlatformInitiator       : HHH000490: Using JtaPlatform implementation: [org.hibernate.engine.transaction.jta.platform.internal.NoJtaPlatform]
2022-12-26 00:02:27.717  INFO 2304 --- [restartedMain] j.LocalContainerEntityManagerFactoryBean : Initialized JPA EntityManagerFactory for persistence unit 'default'
2022-12-26 00:02:29.386  WARN 2304 --- [restartedMain] .s.s.UserDetailsServiceAutoConfiguration : 

Using generated security password: c278ecef-be22-47f5-aa75-89e670d07a57

This generated password is for development use only. Your security configuration must be updated before running your application in production.

2022-12-26 00:02:29.498  INFO 2304 --- [restartedMain] o.s.s.web.DefaultSecurityFilterChain     : Will secure any request with [org.springframework.security.web.session.DisableEncodeUrlFilter@5772c5be, org.springframework.security.web.context.request.async.WebAsyncManagerIntegrationFilter@28558cd9, org.springframework.security.web.context.SecurityContextPersistenceFilter@7be65eb, org.springframework.security.web.header.HeaderWriterFilter@74f19bbd, org.springframework.security.web.csrf.CsrfFilter@5f67758b, org.springframework.security.web.authentication.logout.LogoutFilter@2dfd607, org.springframework.security.web.authentication.UsernamePasswordAuthenticationFilter@49bc2c96, org.springframework.security.web.authentication.ui.DefaultLoginPageGeneratingFilter@504fe6e1, org.springframework.security.web.authentication.ui.DefaultLogoutPageGeneratingFilter@a5cdd9, org.springframework.security.web.authentication.www.BasicAuthenticationFilter@480ef960, org.springframework.security.web.savedrequest.RequestCacheAwareFilter@471c39ed, org.springframework.security.web.servletapi.SecurityContextHolderAwareRequestFilter@3fc87ec0, org.springframework.security.web.authentication.AnonymousAuthenticationFilter@3f5ff154, org.springframework.security.web.session.SessionManagementFilter@63118f2f, org.springframework.security.web.access.ExceptionTranslationFilter@625446cf, org.springframework.security.web.access.intercept.FilterSecurityInterceptor@5b048b92]
2022-12-26 00:02:29.598  WARN 2304 --- [restartedMain] JpaBaseConfiguration$JpaWebConfiguration : spring.jpa.open-in-view is enabled by default. Therefore, database queries may be performed during view rendering. Explicitly configure spring.jpa.open-in-view to disable this warning
2022-12-26 00:02:30.078 DEBUG 2304 --- [restartedMain] s.w.s.m.m.a.RequestMappingHandlerAdapter : ControllerAdvice beans: 0 @ModelAttribute, 0 @InitBinder, 1 RequestBodyAdvice, 1 ResponseBodyAdvice
2022-12-26 00:02:30.208 DEBUG 2304 --- [restartedMain] s.w.s.m.m.a.RequestMappingHandlerMapping : 25 mappings in 'requestMappingHandlerMapping'
2022-12-26 00:02:30.279 DEBUG 2304 --- [restartedMain] o.s.w.s.handler.SimpleUrlHandlerMapping  : Patterns [/webjars/**, /**] in 'resourceHandlerMapping'
2022-12-26 00:02:30.297 DEBUG 2304 --- [restartedMain] .m.m.a.ExceptionHandlerExceptionResolver : ControllerAdvice beans: 0 @ExceptionHandler, 1 ResponseBodyAdvice
2022-12-26 00:02:30.794  INFO 2304 --- [restartedMain] o.s.b.d.a.OptionalLiveReloadServer       : LiveReload server is running on port 35729
2022-12-26 00:02:30.921  INFO 2304 --- [restartedMain] o.s.b.w.embedded.tomcat.TomcatWebServer  : Tomcat started on port(s): 8085 (http) with context path ''
2022-12-26 00:02:30.935  INFO 2304 --- [restartedMain] c.j.restaurant.RestaurantApplication     : Started RestaurantApplication in 10.103 seconds (JVM running for 1038.023)
2022-12-26 00:02:30.940  INFO 2304 --- [restartedMain] .ConditionEvaluationDeltaLoggingListener : Condition evaluation unchanged
2022-12-26 00:10:06.654  INFO 2304 --- [File Watcher] rtingClassPathChangeChangedEventListener : Restarting due to 1 class path change (0 additions, 0 deletions, 1 modification)
2022-12-26 00:10:07.405  INFO 2304 --- [Thread-19] o.apache.catalina.core.StandardService   : Stopping service [Tomcat]
2022-12-26 00:10:08.080  INFO 2304 --- [Thread-19] j.LocalContainerEntityManagerFactoryBean : Closing JPA EntityManagerFactory for persistence unit 'default'
2022-12-26 00:10:08.252  INFO 2304 --- [Thread-19] com.zaxxer.hikari.HikariDataSource       : HikariPool-5 - Shutdown initiated...
2022-12-26 00:10:08.448  INFO 2304 --- [Thread-19] com.zaxxer.hikari.HikariDataSource       : HikariPool-5 - Shutdown completed.
2022-12-26 00:10:13.872  INFO 2304 --- [restartedMain] c.j.restaurant.RestaurantApplication     : Starting RestaurantApplication using Java 11.0.15 on HP with PID 2304 (D:\online_restaurant_management\01_Coding\02_Backend\restaurant\target\classes started by HL in D:\online_restaurant_management\01_Coding\02_Backend\restaurant)
2022-12-26 00:10:13.872  INFO 2304 --- [restartedMain] c.j.restaurant.RestaurantApplication     : No active profile set, falling back to 1 default profile: "default"
2022-12-26 00:10:14.691  INFO 2304 --- [restartedMain] .s.d.r.c.RepositoryConfigurationDelegate : Multiple Spring Data modules found, entering strict repository configuration mode
2022-12-26 00:10:14.698  INFO 2304 --- [restartedMain] .s.d.r.c.RepositoryConfigurationDelegate : Bootstrapping Spring Data JDBC repositories in DEFAULT mode.
2022-12-26 00:10:14.719  INFO 2304 --- [restartedMain] .RepositoryConfigurationExtensionSupport : Spring Data JDBC - Could not safely identify store assignment for repository candidate interface com.javaclass.restaurant.repository.CategoryRepo; If you want this repository to be a JDBC repository, consider annotating your entities with one of these annotations: org.springframework.data.relational.core.mapping.Table.
2022-12-26 00:10:14.723  INFO 2304 --- [restartedMain] .RepositoryConfigurationExtensionSupport : Spring Data JDBC - Could not safely identify store assignment for repository candidate interface com.javaclass.restaurant.repository.FoodRepo; If you want this repository to be a JDBC repository, consider annotating your entities with one of these annotations: org.springframework.data.relational.core.mapping.Table.
2022-12-26 00:10:14.733  INFO 2304 --- [restartedMain] .RepositoryConfigurationExtensionSupport : Spring Data JDBC - Could not safely identify store assignment for repository candidate interface com.javaclass.restaurant.repository.OrderRepo; If you want this repository to be a JDBC repository, consider annotating your entities with one of these annotations: org.springframework.data.relational.core.mapping.Table.
2022-12-26 00:10:14.760  INFO 2304 --- [restartedMain] .RepositoryConfigurationExtensionSupport : Spring Data JDBC - Could not safely identify store assignment for repository candidate interface com.javaclass.restaurant.repository.StaffRepo; If you want this repository to be a JDBC repository, consider annotating your entities with one of these annotations: org.springframework.data.relational.core.mapping.Table.
2022-12-26 00:10:14.763  INFO 2304 --- [restartedMain] .s.d.r.c.RepositoryConfigurationDelegate : Finished Spring Data repository scanning in 64 ms. Found 0 JDBC repository interfaces.
2022-12-26 00:10:14.799  INFO 2304 --- [restartedMain] .s.d.r.c.RepositoryConfigurationDelegate : Multiple Spring Data modules found, entering strict repository configuration mode
2022-12-26 00:10:14.801  INFO 2304 --- [restartedMain] .s.d.r.c.RepositoryConfigurationDelegate : Bootstrapping Spring Data JPA repositories in DEFAULT mode.
2022-12-26 00:10:14.848  INFO 2304 --- [restartedMain] .s.d.r.c.RepositoryConfigurationDelegate : Finished Spring Data repository scanning in 45 ms. Found 4 JPA repository interfaces.
2022-12-26 00:10:15.581  INFO 2304 --- [restartedMain] o.s.b.w.embedded.tomcat.TomcatWebServer  : Tomcat initialized with port(s): 8085 (http)
2022-12-26 00:10:15.585  INFO 2304 --- [restartedMain] o.apache.catalina.core.StandardService   : Starting service [Tomcat]
2022-12-26 00:10:15.585  INFO 2304 --- [restartedMain] org.apache.catalina.core.StandardEngine  : Starting Servlet engine: [Apache Tomcat/9.0.69]
2022-12-26 00:10:15.645  INFO 2304 --- [restartedMain] o.a.c.c.C.[Tomcat].[localhost].[/]       : Initializing Spring embedded WebApplicationContext
2022-12-26 00:10:15.645  INFO 2304 --- [restartedMain] w.s.c.ServletWebServerApplicationContext : Root WebApplicationContext: initialization completed in 1769 ms
2022-12-26 00:10:15.749  INFO 2304 --- [restartedMain] o.hibernate.jpa.internal.util.LogHelper  : HHH000204: Processing PersistenceUnitInfo [name: default]
2022-12-26 00:10:15.765  INFO 2304 --- [restartedMain] com.zaxxer.hikari.HikariDataSource       : HikariPool-6 - Starting...
2022-12-26 00:10:15.821  INFO 2304 --- [restartedMain] com.zaxxer.hikari.HikariDataSource       : HikariPool-6 - Start completed.
2022-12-26 00:10:15.821  INFO 2304 --- [restartedMain] org.hibernate.dialect.Dialect            : HHH000400: Using dialect: org.hibernate.dialect.MySQL5InnoDBDialect
2022-12-26 00:10:16.321  INFO 2304 --- [restartedMain] o.h.e.t.j.p.i.JtaPlatformInitiator       : HHH000490: Using JtaPlatform implementation: [org.hibernate.engine.transaction.jta.platform.internal.NoJtaPlatform]
2022-12-26 00:10:16.325  INFO 2304 --- [restartedMain] j.LocalContainerEntityManagerFactoryBean : Initialized JPA EntityManagerFactory for persistence unit 'default'
2022-12-26 00:10:16.696  WARN 2304 --- [restartedMain] JpaBaseConfiguration$JpaWebConfiguration : spring.jpa.open-in-view is enabled by default. Therefore, database queries may be performed during view rendering. Explicitly configure spring.jpa.open-in-view to disable this warning
2022-12-26 00:10:17.273  WARN 2304 --- [restartedMain] .s.s.UserDetailsServiceAutoConfiguration : 

Using generated security password: 158deeca-f728-4e7c-8ee2-d620391cc53b

This generated password is for development use only. Your security configuration must be updated before running your application in production.

2022-12-26 00:10:17.401 DEBUG 2304 --- [restartedMain] s.w.s.m.m.a.RequestMappingHandlerMapping : 25 mappings in 'requestMappingHandlerMapping'
2022-12-26 00:10:17.618 DEBUG 2304 --- [restartedMain] o.s.w.s.handler.SimpleUrlHandlerMapping  : Patterns [/webjars/**, /**] in 'resourceHandlerMapping'
2022-12-26 00:10:17.661  INFO 2304 --- [restartedMain] o.s.s.web.DefaultSecurityFilterChain     : Will secure any request with [org.springframework.security.web.session.DisableEncodeUrlFilter@39daf156, org.springframework.security.web.context.request.async.WebAsyncManagerIntegrationFilter@29107688, org.springframework.security.web.context.SecurityContextPersistenceFilter@581b26e8, org.springframework.security.web.header.HeaderWriterFilter@7f5b9674, org.springframework.security.web.authentication.logout.LogoutFilter@1a8f7d39, org.springframework.security.web.savedrequest.RequestCacheAwareFilter@a860b9f, org.springframework.security.web.servletapi.SecurityContextHolderAwareRequestFilter@29cdc48d, org.springframework.security.web.authentication.AnonymousAuthenticationFilter@6673730c, org.springframework.security.web.session.SessionManagementFilter@685b40df, org.springframework.security.web.access.ExceptionTranslationFilter@6e47811d, org.springframework.security.web.access.intercept.FilterSecurityInterceptor@56455d60]
2022-12-26 00:10:17.715 DEBUG 2304 --- [restartedMain] s.w.s.m.m.a.RequestMappingHandlerAdapter : ControllerAdvice beans: 0 @ModelAttribute, 0 @InitBinder, 1 RequestBodyAdvice, 1 ResponseBodyAdvice
2022-12-26 00:10:17.749 DEBUG 2304 --- [restartedMain] .m.m.a.ExceptionHandlerExceptionResolver : ControllerAdvice beans: 0 @ExceptionHandler, 1 ResponseBodyAdvice
2022-12-26 00:10:18.007  INFO 2304 --- [restartedMain] o.s.b.d.a.OptionalLiveReloadServer       : LiveReload server is running on port 35729
2022-12-26 00:10:18.111  INFO 2304 --- [restartedMain] o.s.b.w.embedded.tomcat.TomcatWebServer  : Tomcat started on port(s): 8085 (http) with context path ''
2022-12-26 00:10:18.155  INFO 2304 --- [restartedMain] c.j.restaurant.RestaurantApplication     : Started RestaurantApplication in 4.359 seconds (JVM running for 1505.242)
2022-12-26 00:10:18.172  INFO 2304 --- [restartedMain] .ConditionEvaluationDeltaLoggingListener : Condition evaluation delta:


==========================
CONDITION EVALUATION DELTA
==========================


Positive matches:
-----------------

    None


Negative matches:
-----------------

   SpringBootWebSecurityConfiguration.SecurityFilterChainConfiguration:
      Did not match:
         - AllNestedConditions 1 matched 1 did not; NestedCondition on DefaultWebSecurityCondition.Beans @ConditionalOnMissingBean (types: org.springframework.security.config.annotation.web.configuration.WebSecurityConfigurerAdapter,org.springframework.security.web.SecurityFilterChain; SearchStrategy: all) found beans of type 'org.springframework.security.config.annotation.web.configuration.WebSecurityConfigurerAdapter' webSecurityConfig; NestedCondition on DefaultWebSecurityCondition.Classes @ConditionalOnClass found required classes 'org.springframework.security.web.SecurityFilterChain', 'org.springframework.security.config.annotation.web.builders.HttpSecurity' (DefaultWebSecurityCondition)


Exclusions:
-----------

    None


Unconditional classes:
----------------------

    None



2022-12-26 00:10:25.778  INFO 2304 --- [File Watcher] rtingClassPathChangeChangedEventListener : Restarting due to 1 class path change (0 additions, 0 deletions, 1 modification)
2022-12-26 00:10:25.858  INFO 2304 --- [Thread-23] o.apache.catalina.core.StandardService   : Stopping service [Tomcat]
2022-12-26 00:10:25.866  INFO 2304 --- [Thread-23] j.LocalContainerEntityManagerFactoryBean : Closing JPA EntityManagerFactory for persistence unit 'default'
2022-12-26 00:10:25.870  INFO 2304 --- [Thread-23] com.zaxxer.hikari.HikariDataSource       : HikariPool-6 - Shutdown initiated...
2022-12-26 00:10:25.882  INFO 2304 --- [Thread-23] com.zaxxer.hikari.HikariDataSource       : HikariPool-6 - Shutdown completed.
2022-12-26 00:10:26.038  INFO 2304 --- [restartedMain] c.j.restaurant.RestaurantApplication     : Starting RestaurantApplication using Java 11.0.15 on HP with PID 2304 (D:\online_restaurant_management\01_Coding\02_Backend\restaurant\target\classes started by HL in D:\online_restaurant_management\01_Coding\02_Backend\restaurant)
2022-12-26 00:10:26.038  INFO 2304 --- [restartedMain] c.j.restaurant.RestaurantApplication     : No active profile set, falling back to 1 default profile: "default"
2022-12-26 00:10:26.494  INFO 2304 --- [restartedMain] .s.d.r.c.RepositoryConfigurationDelegate : Multiple Spring Data modules found, entering strict repository configuration mode
2022-12-26 00:10:26.494  INFO 2304 --- [restartedMain] .s.d.r.c.RepositoryConfigurationDelegate : Bootstrapping Spring Data JDBC repositories in DEFAULT mode.
2022-12-26 00:10:26.506  INFO 2304 --- [restartedMain] .RepositoryConfigurationExtensionSupport : Spring Data JDBC - Could not safely identify store assignment for repository candidate interface com.javaclass.restaurant.repository.CategoryRepo; If you want this repository to be a JDBC repository, consider annotating your entities with one of these annotations: org.springframework.data.relational.core.mapping.Table.
2022-12-26 00:10:26.506  INFO 2304 --- [restartedMain] .RepositoryConfigurationExtensionSupport : Spring Data JDBC - Could not safely identify store assignment for repository candidate interface com.javaclass.restaurant.repository.FoodRepo; If you want this repository to be a JDBC repository, consider annotating your entities with one of these annotations: org.springframework.data.relational.core.mapping.Table.
2022-12-26 00:10:26.510  INFO 2304 --- [restartedMain] .RepositoryConfigurationExtensionSupport : Spring Data JDBC - Could not safely identify store assignment for repository candidate interface com.javaclass.restaurant.repository.OrderRepo; If you want this repository to be a JDBC repository, consider annotating your entities with one of these annotations: org.springframework.data.relational.core.mapping.Table.
2022-12-26 00:10:26.510  INFO 2304 --- [restartedMain] .RepositoryConfigurationExtensionSupport : Spring Data JDBC - Could not safely identify store assignment for repository candidate interface com.javaclass.restaurant.repository.StaffRepo; If you want this repository to be a JDBC repository, consider annotating your entities with one of these annotations: org.springframework.data.relational.core.mapping.Table.
2022-12-26 00:10:26.514  INFO 2304 --- [restartedMain] .s.d.r.c.RepositoryConfigurationDelegate : Finished Spring Data repository scanning in 17 ms. Found 0 JDBC repository interfaces.
2022-12-26 00:10:26.522  INFO 2304 --- [restartedMain] .s.d.r.c.RepositoryConfigurationDelegate : Multiple Spring Data modules found, entering strict repository configuration mode
2022-12-26 00:10:26.522  INFO 2304 --- [restartedMain] .s.d.r.c.RepositoryConfigurationDelegate : Bootstrapping Spring Data JPA repositories in DEFAULT mode.
2022-12-26 00:10:26.546  INFO 2304 --- [restartedMain] .s.d.r.c.RepositoryConfigurationDelegate : Finished Spring Data repository scanning in 24 ms. Found 4 JPA repository interfaces.
2022-12-26 00:10:26.722  INFO 2304 --- [restartedMain] o.s.b.w.embedded.tomcat.TomcatWebServer  : Tomcat initialized with port(s): 8085 (http)
2022-12-26 00:10:26.722  INFO 2304 --- [restartedMain] o.apache.catalina.core.StandardService   : Starting service [Tomcat]
2022-12-26 00:10:26.722  INFO 2304 --- [restartedMain] org.apache.catalina.core.StandardEngine  : Starting Servlet engine: [Apache Tomcat/9.0.69]
2022-12-26 00:10:26.746  INFO 2304 --- [restartedMain] o.a.c.c.C.[Tomcat].[localhost].[/]       : Initializing Spring embedded WebApplicationContext
2022-12-26 00:10:26.746  INFO 2304 --- [restartedMain] w.s.c.ServletWebServerApplicationContext : Root WebApplicationContext: initialization completed in 700 ms
2022-12-26 00:10:26.814  INFO 2304 --- [restartedMain] o.hibernate.jpa.internal.util.LogHelper  : HHH000204: Processing PersistenceUnitInfo [name: default]
2022-12-26 00:10:26.822  INFO 2304 --- [restartedMain] com.zaxxer.hikari.HikariDataSource       : HikariPool-7 - Starting...
2022-12-26 00:10:26.846  INFO 2304 --- [restartedMain] com.zaxxer.hikari.HikariDataSource       : HikariPool-7 - Start completed.
2022-12-26 00:10:26.850  INFO 2304 --- [restartedMain] org.hibernate.dialect.Dialect            : HHH000400: Using dialect: org.hibernate.dialect.MySQL5InnoDBDialect
2022-12-26 00:10:27.142  INFO 2304 --- [restartedMain] o.h.e.t.j.p.i.JtaPlatformInitiator       : HHH000490: Using JtaPlatform implementation: [org.hibernate.engine.transaction.jta.platform.internal.NoJtaPlatform]
2022-12-26 00:10:27.142  INFO 2304 --- [restartedMain] j.LocalContainerEntityManagerFactoryBean : Initialized JPA EntityManagerFactory for persistence unit 'default'
2022-12-26 00:10:27.398  WARN 2304 --- [restartedMain] JpaBaseConfiguration$JpaWebConfiguration : spring.jpa.open-in-view is enabled by default. Therefore, database queries may be performed during view rendering. Explicitly configure spring.jpa.open-in-view to disable this warning
2022-12-26 00:10:27.591  WARN 2304 --- [restartedMain] .s.s.UserDetailsServiceAutoConfiguration : 

Using generated security password: 3a1f1f86-14a1-41ab-bcef-1be29a8df5b6

This generated password is for development use only. Your security configuration must be updated before running your application in production.

2022-12-26 00:10:27.639 DEBUG 2304 --- [restartedMain] s.w.s.m.m.a.RequestMappingHandlerMapping : 25 mappings in 'requestMappingHandlerMapping'
2022-12-26 00:10:27.719 DEBUG 2304 --- [restartedMain] o.s.w.s.handler.SimpleUrlHandlerMapping  : Patterns [/webjars/**, /**] in 'resourceHandlerMapping'
2022-12-26 00:10:27.743  INFO 2304 --- [restartedMain] o.s.s.web.DefaultSecurityFilterChain     : Will secure any request with [org.springframework.security.web.session.DisableEncodeUrlFilter@11d24317, org.springframework.security.web.context.request.async.WebAsyncManagerIntegrationFilter@a7c1e4d, org.springframework.security.web.context.SecurityContextPersistenceFilter@73428e97, org.springframework.security.web.header.HeaderWriterFilter@1a42c9e2, org.springframework.security.web.authentication.logout.LogoutFilter@405f7922, org.springframework.security.web.savedrequest.RequestCacheAwareFilter@2d5a1806, org.springframework.security.web.servletapi.SecurityContextHolderAwareRequestFilter@21dbd996, org.springframework.security.web.authentication.AnonymousAuthenticationFilter@45c74420, org.springframework.security.web.session.SessionManagementFilter@72ce83bc, org.springframework.security.web.access.ExceptionTranslationFilter@65f77637, org.springframework.security.web.access.intercept.FilterSecurityInterceptor@56170958]
2022-12-26 00:10:27.795 DEBUG 2304 --- [restartedMain] s.w.s.m.m.a.RequestMappingHandlerAdapter : ControllerAdvice beans: 0 @ModelAttribute, 0 @InitBinder, 1 RequestBodyAdvice, 1 ResponseBodyAdvice
2022-12-26 00:10:27.823 DEBUG 2304 --- [restartedMain] .m.m.a.ExceptionHandlerExceptionResolver : ControllerAdvice beans: 0 @ExceptionHandler, 1 ResponseBodyAdvice
2022-12-26 00:10:27.919  INFO 2304 --- [restartedMain] o.s.b.d.a.OptionalLiveReloadServer       : LiveReload server is running on port 35729
2022-12-26 00:10:27.955  INFO 2304 --- [restartedMain] o.s.b.w.embedded.tomcat.TomcatWebServer  : Tomcat started on port(s): 8085 (http) with context path ''
2022-12-26 00:10:27.967  INFO 2304 --- [restartedMain] c.j.restaurant.RestaurantApplication     : Started RestaurantApplication in 1.971 seconds (JVM running for 1515.057)
2022-12-26 00:10:27.971  INFO 2304 --- [restartedMain] .ConditionEvaluationDeltaLoggingListener : Condition evaluation unchanged
2022-12-26 00:10:37.013  INFO 2304 --- [http-nio-8085-exec-2] o.a.c.c.C.[Tomcat].[localhost].[/]       : Initializing Spring DispatcherServlet 'dispatcherServlet'
2022-12-26 00:10:37.015  INFO 2304 --- [http-nio-8085-exec-2] o.s.web.servlet.DispatcherServlet        : Initializing Servlet 'dispatcherServlet'
2022-12-26 00:10:37.015 DEBUG 2304 --- [http-nio-8085-exec-2] o.s.web.servlet.DispatcherServlet        : Detected StandardServletMultipartResolver
2022-12-26 00:10:37.015 DEBUG 2304 --- [http-nio-8085-exec-2] o.s.web.servlet.DispatcherServlet        : Detected AcceptHeaderLocaleResolver
2022-12-26 00:10:37.015 DEBUG 2304 --- [http-nio-8085-exec-2] o.s.web.servlet.DispatcherServlet        : Detected FixedThemeResolver
2022-12-26 00:10:37.017 DEBUG 2304 --- [http-nio-8085-exec-2] o.s.web.servlet.DispatcherServlet        : Detected org.springframework.web.servlet.view.DefaultRequestToViewNameTranslator@fac3b9c
2022-12-26 00:10:37.018 DEBUG 2304 --- [http-nio-8085-exec-2] o.s.web.servlet.DispatcherServlet        : Detected org.springframework.web.servlet.support.SessionFlashMapManager@ec8a384
2022-12-26 00:10:37.018 DEBUG 2304 --- [http-nio-8085-exec-2] o.s.web.servlet.DispatcherServlet        : enableLoggingRequestDetails='false': request parameters and headers will be masked to prevent unsafe logging of potentially sensitive data
2022-12-26 00:10:37.018  INFO 2304 --- [http-nio-8085-exec-2] o.s.web.servlet.DispatcherServlet        : Completed initialization in 3 ms
2022-12-26 00:10:37.048 DEBUG 2304 --- [http-nio-8085-exec-2] s.w.s.m.m.a.RequestMappingHandlerMapping : Mapped to com.javaclass.restaurant.controller.AdminController#getFoodAll()
2022-12-26 00:10:37.067 DEBUG 2304 --- [http-nio-8085-exec-2] o.s.web.servlet.DispatcherServlet        : GET "/api/admin/food", parameters={}
2022-12-26 00:10:37.068 DEBUG 2304 --- [http-nio-8085-exec-2] s.w.s.m.m.a.RequestMappingHandlerMapping : Mapped to com.javaclass.restaurant.controller.AdminController#getFoodAll()
2022-12-26 00:10:39.249 DEBUG 2304 --- [http-nio-8085-exec-2] m.m.a.RequestResponseBodyMethodProcessor : Using 'application/json', given [*/*] and supported [application/json, application/*+json, application/json, application/*+json]
2022-12-26 00:10:39.254 DEBUG 2304 --- [http-nio-8085-exec-2] m.m.a.RequestResponseBodyMethodProcessor : Writing [[Food [id=1, foodItem=chicken, image=1.jpeg, price=2000, stock=100, category=Category [id=2, name=me (truncated)...]
2022-12-26 00:10:39.542 DEBUG 2304 --- [http-nio-8085-exec-2] o.s.web.servlet.DispatcherServlet        : Completed 200 OK
2022-12-26 00:10:45.923 DEBUG 2304 --- [http-nio-8085-exec-3] s.w.s.m.m.a.RequestMappingHandlerMapping : Mapped to com.javaclass.restaurant.controller.FoodController#getImage(String, String)
2022-12-26 00:10:45.925 DEBUG 2304 --- [http-nio-8085-exec-3] o.s.web.servlet.DispatcherServlet        : GET "/api/images/jpg/1.jpg", parameters={}
2022-12-26 00:10:45.927 DEBUG 2304 --- [http-nio-8085-exec-3] s.w.s.m.m.a.RequestMappingHandlerMapping : Mapped to com.javaclass.restaurant.controller.FoodController#getImage(String, String)
2022-12-26 00:10:46.043 DEBUG 2304 --- [http-nio-8085-exec-3] o.s.w.s.m.m.a.HttpEntityMethodProcessor  : Found 'Content-Type:image/jpeg' in response
2022-12-26 00:10:46.048 DEBUG 2304 --- [http-nio-8085-exec-3] o.s.w.s.m.m.a.HttpEntityMethodProcessor  : Writing [{-1, -40, -1, -32, 0, 16, 74, 70, 73, 70, 0, 1, 1, 0, 0, 1, 0, 1, 0, 0, -1, -37, 0, -124, 0, 9, 6, 7 (truncated)...]
2022-12-26 00:10:46.053 DEBUG 2304 --- [http-nio-8085-exec-3] o.s.web.servlet.DispatcherServlet        : Completed 200 OK
2022-12-26 00:10:59.676 DEBUG 2304 --- [http-nio-8085-exec-4] s.w.s.m.m.a.RequestMappingHandlerMapping : Mapped to com.javaclass.restaurant.controller.AdminController#createFile(MultipartFile, String)
2022-12-26 00:10:59.679 DEBUG 2304 --- [http-nio-8085-exec-4] o.s.web.servlet.DispatcherServlet        : POST "/api/admin/file/create", parameters={multipart}
2022-12-26 00:10:59.747 DEBUG 2304 --- [http-nio-8085-exec-4] s.w.s.m.m.a.RequestMappingHandlerMapping : Mapped to com.javaclass.restaurant.controller.AdminController#createFile(MultipartFile, String)
2022-12-26 00:10:59.819 DEBUG 2304 --- [http-nio-8085-exec-4] o.s.w.s.m.m.a.HttpEntityMethodProcessor  : Using 'text/plain', given [*/*] and supported [text/plain, */*, text/plain, */*, application/json, application/*+json, application/json, application/*+json]
2022-12-26 00:10:59.819 DEBUG 2304 --- [http-nio-8085-exec-4] o.s.w.s.m.m.a.HttpEntityMethodProcessor  : Writing ["/images/jpg/1671990059_1.jpg"]
2022-12-26 00:10:59.824 DEBUG 2304 --- [http-nio-8085-exec-4] o.s.web.servlet.DispatcherServlet        : Completed 200 OK
2022-12-26 00:11:57.750  INFO 2304 --- [RMI TCP Connection(31)-127.0.0.1] inMXBeanRegistrar$SpringApplicationAdmin : Application shutdown requested.
2022-12-26 00:11:57.860  INFO 2304 --- [RMI TCP Connection(31)-127.0.0.1] o.apache.catalina.core.StandardService   : Stopping service [Tomcat]
2022-12-26 00:11:57.860  INFO 2304 --- [RMI TCP Connection(31)-127.0.0.1] o.a.c.c.C.[Tomcat].[localhost].[/]       : Destroying Spring FrameworkServlet 'dispatcherServlet'
2022-12-26 00:11:57.890  INFO 2304 --- [RMI TCP Connection(31)-127.0.0.1] j.LocalContainerEntityManagerFactoryBean : Closing JPA EntityManagerFactory for persistence unit 'default'
2022-12-26 00:11:57.890  INFO 2304 --- [RMI TCP Connection(31)-127.0.0.1] com.zaxxer.hikari.HikariDataSource       : HikariPool-7 - Shutdown initiated...
2022-12-26 00:11:57.900  INFO 2304 --- [RMI TCP Connection(31)-127.0.0.1] com.zaxxer.hikari.HikariDataSource       : HikariPool-7 - Shutdown completed.
